[ 2025-08-30 10:02:30,313 ] 161 numexpr.utils - INFO - NumExpr defaulting to 4 threads.
[ 2025-08-30 10:04:23,933 ] 44 root - INFO - Starting data ingestion
[ 2025-08-30 10:04:24,081 ] 32 root - INFO - Exporting data from mongodb to feature store
[ 2025-08-30 10:04:24,082 ] 18 root - INFO - Retrieved MongoDB URL: mongodb+srv://chandra:12345@cluster0.1l5xypc.mongodb.net/?retryWrites=true&w=majority&appName=Cluster0
[ 2025-08-30 10:11:32,081 ] 60 root - INFO - Performed train test split on the dataframe
[ 2025-08-30 10:11:34,442 ] 62 root - INFO - Exited split_data_as_train_test method of Data_Ingestion class
[ 2025-08-30 10:11:34,498 ] 70 root - INFO - Exporting train and test file path.
[ 2025-08-30 10:11:51,980 ] 80 root - INFO - Exported train and test file path.
[ 2025-08-30 10:11:56,878 ] 50 root - INFO - Data ingestion completed and artifact: DataIngestionArtifact(trained_file_path='artifact\\08_30_2025_10_02_29\\data_ingestion\\ingested\\train.csv', test_file_path='artifact\\08_30_2025_10_02_29\\data_ingestion\\ingested\\test.csv')
[ 2025-08-30 10:12:35,363 ] 35 root - INFO - Required number of columns: 164
[ 2025-08-30 10:12:35,363 ] 36 root - INFO - Data frame has columns: 164
[ 2025-08-30 10:12:35,364 ] 35 root - INFO - Required number of columns: 164
[ 2025-08-30 10:12:35,364 ] 36 root - INFO - Data frame has columns: 164
[ 2025-08-30 10:12:36,358 ] 57 root - INFO - Missing numerical columns: [[]]
[ 2025-08-30 10:12:36,359 ] 57 root - INFO - Missing numerical columns: [[]]
[ 2025-08-30 10:13:00,303 ] 148 root - INFO - Data validation artifact: DataValidationArtifact(validation_status=False, valid_train_file_path='artifact\\08_30_2025_10_02_29\\data_ingestion\\ingested\\train.csv', valid_test_file_path='artifact\\08_30_2025_10_02_29\\data_ingestion\\ingested\\test.csv', invalid_train_file_path=None, invalid_test_file_path=None, drift_report_file_path='artifact\\08_30_2025_10_02_29\\data_validation\\drift_report\\report.yaml')
[ 2025-08-30 10:53:25,265 ] 70 root - INFO - Entered the save_object method of MainUtils class
[ 2025-08-30 10:53:26,795 ] 74 root - INFO - Exited the save_object method of MainUtils class
[ 2025-08-30 10:53:26,829 ] 137 root - INFO - Data transformation artifact: DataTransformationArtifact(transformed_object_file_path='artifact\\08_30_2025_10_02_29\\data_transformation\\transformed_object\\preprocessing.pkl', transformed_train_file_path='artifact\\08_30_2025_10_02_29\\data_transformation\\transformed\\train.npy', transformed_test_file_path='artifact\\08_30_2025_10_02_29\\data_transformation\\transformed\\test.npy')
[ 2025-08-30 10:54:14,059 ] 70 root - INFO - Entered the save_object method of MainUtils class
[ 2025-08-30 10:54:14,116 ] 74 root - INFO - Exited the save_object method of MainUtils class
[ 2025-08-30 10:54:14,117 ] 90 root - INFO - Model trainer artifact: ModelTrainerArtifact(trained_model_file_path='artifact\\08_30_2025_10_02_29\\model_trainer\\trained_model\\model.pkl', train_metric_artifact=ClassificationMetricArtifact(f1_score=1.0, precision_score=1.0, recall_score=1.0), test_metric_artifact=ClassificationMetricArtifact(f1_score=0.9961969039584337, precision_score=0.9998566359628687, recall_score=0.9925638653668256))
